<?xml version="1.0" encoding="UTF-8"?>
<!-- Generated by org.testng.reporters.JUnitReportReporter -->
<testsuite hostname="DESKTOP-P84MAU4" failures="0" tests="4" name="com.acti.testcase.LoginPageTests" time="29.696" errors="0" timestamp="29 Nov 2022 01:14:16 GMT" skipped="0">
  <testcase classname="com.acti.testcase.LoginPageTests" name="TestLoginPagesTitle" time="4.195"/>
  <testcase classname="com.acti.testcase.LoginPageTests" name="testActiImageIsDisplayed" time="2.421"/>
  <testcase classname="com.acti.testcase.LoginPageTests" name="testForgotPasswordIsDisplayed" time="2.497"/>
  <testcase classname="com.acti.testcase.LoginPageTests" name="testLoginFunction" time="20.583"/>
</testsuite> <!-- com.acti.testcase.LoginPageTests -->
