<?xml version="1.0" encoding="UTF-8"?>
<!-- Generated by org.testng.reporters.JUnitReportReporter -->
<testsuite hostname="DESKTOP-P84MAU4" failures="0" tests="1" name="com.acti.base.DriverScript" time="2.690" errors="0" timestamp="28 Nov 2022 00:48:10 GMT" skipped="0">
  <testcase classname="com.acti.base.DriverScript" name="initApplication" time="2.690"/>
</testsuite> <!-- com.acti.base.DriverScript -->
