<?xml version="1.0" encoding="UTF-8"?>
<!-- Generated by org.testng.reporters.JUnitReportReporter -->
<testsuite hostname="DESKTOP-P84MAU4" failures="0" tests="4" name="com.acti.testcase.LoginPageTests" time="27.813" errors="0" timestamp="02 Dec 2022 17:00:47 GMT" skipped="0">
  <testcase classname="com.acti.testcase.LoginPageTests" name="testActiImageIsDisplayed" time="2.318"/>
  <testcase classname="com.acti.testcase.LoginPageTests" name="testLoginPageTitle" time="18.387"/>
  <testcase classname="com.acti.testcase.LoginPageTests" name="testForgotPasswordIsDisplayed" time="2.382"/>
  <testcase classname="com.acti.testcase.LoginPageTests" name="testLoginFunction" time="4.726"/>
</testsuite> <!-- com.acti.testcase.LoginPageTests -->
